<?xml version="1.0" encoding="UTF-8"?>
<!-- Generated by org.testng.reporters.JUnitReportReporter -->
<testsuite hostname="DESKTOP-H0BK5RM" failures="0" tests="1" name="TestCases.AddToCartTestCases" time="7.526" errors="0" timestamp="2024-12-20T08:14:24 IST" skipped="0">
  <testcase classname="TestCases.AddToCartTestCases" name="VerifyCartPrice" time="7.526"/>
  <system-out/>
</testsuite> <!-- TestCases.AddToCartTestCases -->
