<?xml version="1.0" encoding="UTF-8"?>
<!-- Generated by org.testng.reporters.JUnitReportReporter -->
<testsuite hostname="DESKTOP-H0BK5RM" failures="0" tests="1" name="TestCases.LoginTestCases" time="4.755" errors="0" timestamp="2024-12-20T09:30:48 IST" skipped="0">
  <testcase classname="TestCases.LoginTestCases" name="VerifyLoginWithValidData" time="4.755"/>
  <system-out/>
</testsuite> <!-- TestCases.LoginTestCases -->
