<?xml version="1.0" encoding="UTF-8"?>
<!-- Generated by org.testng.reporters.JUnitReportReporter -->
<testsuite hostname="DESKTOP-H0BK5RM" failures="0" tests="2" name="TestngConcepts.Demo1" time="0.014" errors="0" timestamp="2024-12-09T09:35:29 IST" skipped="0">
  <testcase classname="TestngConcepts.Demo1" name="Method2" time="0.003"/>
  <system-out/>
  <testcase classname="TestngConcepts.Demo1" name="Method1" time="0.011"/>
  <system-out/>
</testsuite> <!-- TestngConcepts.Demo1 -->
